<?xml version="1.0" encoding="UTF-8"?>
<!-- Generated by org.testng.reporters.JUnitReportReporter -->
<testsuite hostname="PARESH" name="com.api.restdemo.restapitestdemo.AppTest" tests="1" failures="0" timestamp="7 Dec 2017 16:54:03 GMT" time="13.112" errors="0">
  <testcase name="httpPost" time="13.112" classname="com.api.restdemo.restapitestdemo.AppTest"/>
</testsuite> <!-- com.api.restdemo.restapitestdemo.AppTest -->
