<?xml version="1.0" encoding="UTF-8"?>
<!-- Generated by org.testng.reporters.JUnitReportReporter -->
<testsuite hostname="PARESH" name="com.api.restdemo.restapitestdemo.AppTest1" tests="1" failures="0" timestamp="7 Dec 2017 19:02:19 GMT" time="5.022" errors="0">
  <testcase name="httpPost" time="5.022" classname="com.api.restdemo.restapitestdemo.AppTest1"/>
</testsuite> <!-- com.api.restdemo.restapitestdemo.AppTest1 -->
