<?xml version="1.0" encoding="UTF-8"?>
<!-- Generated by org.testng.reporters.JUnitReportReporter -->
<testsuite hostname="PARESH" name="com.api.restdemo.restapitestdemo.AppTest1" tests="1" failures="0" timestamp="10 Dec 2017 10:56:05 GMT" time="10.969" errors="0">
  <testcase name="httpPost" time="10.969" classname="com.api.restdemo.restapitestdemo.AppTest1"/>
</testsuite> <!-- com.api.restdemo.restapitestdemo.AppTest1 -->
