<?xml version="1.0" encoding="UTF-8"?>
<!-- Generated by org.testng.reporters.JUnitReportReporter -->
<testsuite hostname="PARESH" name="com.api.restdemo.restapitestdemo.AppTest1" tests="1" failures="0" timestamp="11 Dec 2017 16:54:50 GMT" time="6.158" errors="0">
  <testcase name="httpPost" time="6.158" classname="com.api.restdemo.restapitestdemo.AppTest1"/>
</testsuite> <!-- com.api.restdemo.restapitestdemo.AppTest1 -->
